<?xml version="1.0" encoding="UTF-8"?>
<!-- Generated by org.testng.reporters.JUnitXMLReporter -->
<testsuite ignored="0" hostname="DESKTOP-LS1FC4S" failures="0" tests="3" name="Default test" time="16.515" errors="0" timestamp="2026-01-31T11:17:17 IST">
  <testcase classname="org.baseClass.SampleTesting" name="test01" time="0.112"/>
  <testcase classname="org.baseClass.SampleTesting" name="test01" time="0.018"/>
  <testcase classname="org.baseClass.SampleTesting" name="test01" time="0.021"/>
</testsuite> <!-- Default test -->
