<?xml version="1.0" encoding="UTF-8"?>
<!-- Generated by org.testng.reporters.JUnitXMLReporter -->
<testsuite ignored="0" hostname="DESKTOP-LS1FC4S" failures="0" tests="3" name="Test" time="13.336" errors="0" timestamp="2026-01-30T21:39:49 IST">
  <testcase classname="org.baseClass.LoginPage" name="ToLaunchBrowser" time="7.102"/>
  <testcase classname="org.baseClass.LoginPage" name="ToLaunchApplication" time="5.083"/>
  <testcase classname="org.baseClass.LoginPage" name="loginCredentials" time="1.016"/>
</testsuite> <!-- Test -->
