<?xml version="1.0" encoding="UTF-8"?>
<testng-results ignored="0" total="3" passed="3" failed="0" skipped="0">
  <reporter-output>
  </reporter-output>
  <suite started-at="2026-01-31T11:17:00 IST" name="Default suite" finished-at="2026-01-31T11:17:17 IST" duration-ms="16515">
    <groups>
    </groups>
    <test started-at="2026-01-31T11:17:00 IST" name="Default test" finished-at="2026-01-31T11:17:17 IST" duration-ms="16515">
      <class name="org.baseClass.SampleTesting">
        <test-method signature="test01(java.lang.String,java.lang.String)[pri:0, instance:org.baseClass.SampleTesting@53fb3dab]" started-at="2026-01-31T11:17:16 IST" name="test01" data-provider="inputDatas" finished-at="2026-01-31T11:17:16 IST" duration-ms="112" status="PASS">
          <params>
            <param index="0">
              <value is-null="true"/>
            </param>
            <param index="1">
              <value is-null="true"/>
            </param>
          </params>
          <reporter-output>
          </reporter-output>
        </test-method> <!-- test01 -->
        <test-method signature="test01(java.lang.String,java.lang.String)[pri:0, instance:org.baseClass.SampleTesting@53fb3dab]" started-at="2026-01-31T11:17:16 IST" name="test01" data-provider="inputDatas" finished-at="2026-01-31T11:17:16 IST" duration-ms="18" status="PASS">
          <params>
            <param index="0">
              <value is-null="true"/>
            </param>
            <param index="1">
              <value is-null="true"/>
            </param>
          </params>
          <reporter-output>
          </reporter-output>
        </test-method> <!-- test01 -->
        <test-method signature="test01(java.lang.String,java.lang.String)[pri:0, instance:org.baseClass.SampleTesting@53fb3dab]" started-at="2026-01-31T11:17:16 IST" name="test01" data-provider="inputDatas" finished-at="2026-01-31T11:17:16 IST" duration-ms="21" status="PASS">
          <params>
            <param index="0">
              <value is-null="true"/>
            </param>
            <param index="1">
              <value is-null="true"/>
            </param>
          </params>
          <reporter-output>
          </reporter-output>
        </test-method> <!-- test01 -->
      </class> <!-- org.baseClass.SampleTesting -->
    </test> <!-- Default test -->
  </suite> <!-- Default suite -->
</testng-results>
