<?xml version="1.0" encoding="UTF-8"?>
<!-- Generated by org.testng.reporters.JUnitReportReporter -->
<testsuite hostname="DESKTOP-LS1FC4S" failures="0" tests="3" name="org.baseClass.SampleTesting" time="0.151" errors="0" timestamp="2026-01-31T11:17:21 IST" skipped="0">
  <testcase classname="org.baseClass.SampleTesting" name="test01" time="0.021"/>
  <testcase classname="org.baseClass.SampleTesting" name="test01" time="0.018"/>
  <testcase classname="org.baseClass.SampleTesting" name="test01" time="0.112"/>
</testsuite> <!-- org.baseClass.SampleTesting -->
