<?xml version="1.0" encoding="UTF-8"?>
<!-- Generated by org.testng.reporters.JUnitReportReporter -->
<testsuite hostname="DESKTOP-LS1FC4S" failures="0" tests="3" name="org.baseClass.LoginPage" time="13.201" errors="0" timestamp="2026-01-30T21:39:49 IST" skipped="0">
  <testcase classname="org.baseClass.LoginPage" name="ToLaunchBrowser" time="7.102"/>
  <testcase classname="org.baseClass.LoginPage" name="ToLaunchApplication" time="5.083"/>
  <testcase classname="org.baseClass.LoginPage" name="loginCredentials" time="1.016"/>
</testsuite> <!-- org.baseClass.LoginPage -->
